running develop
/usr/lib/python3/dist-packages/setuptools/command/easy_install.py:158: EasyInstallDeprecationWarning: easy_install command is deprecated. Use build and pip and other standards-based tools.
  warnings.warn(
running egg_info
writing path_planner.egg-info/PKG-INFO
writing dependency_links to path_planner.egg-info/dependency_links.txt
writing entry points to path_planner.egg-info/entry_points.txt
writing requirements to path_planner.egg-info/requires.txt
writing top-level names to path_planner.egg-info/top_level.txt
reading manifest file 'path_planner.egg-info/SOURCES.txt'
writing manifest file 'path_planner.egg-info/SOURCES.txt'
running build_ext
Creating /home/puja/Desktop/path_planner/install/path_planner/lib/python3.10/site-packages/path-planner.egg-link (link to .)
Installing astar_node script to /home/puja/Desktop/path_planner/install/path_planner/lib/path_planner
Installing dijkstra_node script to /home/puja/Desktop/path_planner/install/path_planner/lib/path_planner
Installing grover_node script to /home/puja/Desktop/path_planner/install/path_planner/lib/path_planner
Installing occupancy_grid_node script to /home/puja/Desktop/path_planner/install/path_planner/lib/path_planner
Installing path_follower_node script to /home/puja/Desktop/path_planner/install/path_planner/lib/path_planner
Installing prm_node script to /home/puja/Desktop/path_planner/install/path_planner/lib/path_planner
Installing qpe_node script to /home/puja/Desktop/path_planner/install/path_planner/lib/path_planner
Installing rrt_node script to /home/puja/Desktop/path_planner/install/path_planner/lib/path_planner

Installed /home/puja/Desktop/path_planner/build/path_planner
running symlink_data
