[0.636s] Invoking command in '/home/puja/Desktop/path_planner/build/path_planner': CONDA_PROMPT_MODIFIER=(opencv-cuda) PYTHONPATH=/home/puja/Desktop/path_planner/build/path_planner/prefix_override:/home/puja/Desktop/path_planner/install/path_planner/lib/python3.10/site-packages:${PYTHONPATH} /usr/bin/python3 -W ignore:setup.py install is deprecated setup.py develop --editable --build-directory /home/puja/Desktop/path_planner/build/path_planner/build --no-deps symlink_data
[0.938s] running develop
[0.938s] /usr/lib/python3/dist-packages/setuptools/command/easy_install.py:158: EasyInstallDeprecationWarning: easy_install command is deprecated. Use build and pip and other standards-based tools.
[0.938s]   warnings.warn(
[1.143s] running egg_info
[1.143s] writing path_planner.egg-info/PKG-INFO
[1.143s] writing dependency_links to path_planner.egg-info/dependency_links.txt
[1.144s] writing entry points to path_planner.egg-info/entry_points.txt
[1.144s] writing requirements to path_planner.egg-info/requires.txt
[1.144s] writing top-level names to path_planner.egg-info/top_level.txt
[1.147s] reading manifest file 'path_planner.egg-info/SOURCES.txt'
[1.148s] writing manifest file 'path_planner.egg-info/SOURCES.txt'
[1.149s] running build_ext
[1.150s] Creating /home/puja/Desktop/path_planner/install/path_planner/lib/python3.10/site-packages/path-planner.egg-link (link to .)
[1.150s] Installing astar_node script to /home/puja/Desktop/path_planner/install/path_planner/lib/path_planner
[1.151s] Installing dijkstra_node script to /home/puja/Desktop/path_planner/install/path_planner/lib/path_planner
[1.151s] Installing grover_node script to /home/puja/Desktop/path_planner/install/path_planner/lib/path_planner
[1.151s] Installing occupancy_grid_node script to /home/puja/Desktop/path_planner/install/path_planner/lib/path_planner
[1.151s] Installing path_follower_node script to /home/puja/Desktop/path_planner/install/path_planner/lib/path_planner
[1.151s] Installing prm_node script to /home/puja/Desktop/path_planner/install/path_planner/lib/path_planner
[1.151s] Installing qpe_node script to /home/puja/Desktop/path_planner/install/path_planner/lib/path_planner
[1.151s] Installing rrt_node script to /home/puja/Desktop/path_planner/install/path_planner/lib/path_planner
[1.151s] 
[1.152s] Installed /home/puja/Desktop/path_planner/build/path_planner
[1.152s] running symlink_data
[1.175s] Invoked command in '/home/puja/Desktop/path_planner/build/path_planner' returned '0': CONDA_PROMPT_MODIFIER=(opencv-cuda) PYTHONPATH=/home/puja/Desktop/path_planner/build/path_planner/prefix_override:/home/puja/Desktop/path_planner/install/path_planner/lib/python3.10/site-packages:${PYTHONPATH} /usr/bin/python3 -W ignore:setup.py install is deprecated setup.py develop --editable --build-directory /home/puja/Desktop/path_planner/build/path_planner/build --no-deps symlink_data
