running develop
running egg_info
creating reach.egg-info
writing reach.egg-info/PKG-INFO
writing dependency_links to reach.egg-info/dependency_links.txt
writing entry points to reach.egg-info/entry_points.txt
writing requirements to reach.egg-info/requires.txt
writing top-level names to reach.egg-info/top_level.txt
writing manifest file 'reach.egg-info/SOURCES.txt'
reading manifest file 'reach.egg-info/SOURCES.txt'
writing manifest file 'reach.egg-info/SOURCES.txt'
running build_ext
Creating /home/puja/Desktop/reach/install/reach/lib/python3.10/site-packages/reach.egg-link (link to .)
Installing astar_node script to /home/puja/Desktop/reach/install/reach/lib/reach
Installing occupancy_grid_node script to /home/puja/Desktop/reach/install/reach/lib/reach
Installing pp_node script to /home/puja/Desktop/reach/install/reach/lib/reach

Installed /home/puja/Desktop/reach/build/reach
running symlink_data
creating /home/puja/Desktop/reach/install/reach/share/ament_index
creating /home/puja/Desktop/reach/install/reach/share/ament_index/resource_index
creating /home/puja/Desktop/reach/install/reach/share/ament_index/resource_index/packages
symbolically linking /home/puja/Desktop/reach/build/reach/resource/reach -> /home/puja/Desktop/reach/install/reach/share/ament_index/resource_index/packages
symbolically linking /home/puja/Desktop/reach/build/reach/package.xml -> /home/puja/Desktop/reach/install/reach/share/reach
