[0.596s] Invoking command in '/home/puja/Desktop/path_planner/build/path_planner': CONDA_PROMPT_MODIFIER=(opencv-cuda) PYTHONPATH=/home/puja/Desktop/path_planner/build/path_planner/prefix_override:/home/puja/Desktop/path_planner/install/path_planner/lib/python3.10/site-packages:${PYTHONPATH} /usr/bin/python3 -W ignore:setup.py install is deprecated setup.py develop --editable --build-directory /home/puja/Desktop/path_planner/build/path_planner/build --no-deps symlink_data
[0.860s] running develop
[0.860s] /usr/lib/python3/dist-packages/setuptools/command/easy_install.py:158: EasyInstallDeprecationWarning: easy_install command is deprecated. Use build and pip and other standards-based tools.
[0.860s]   warnings.warn(
[1.047s] running egg_info
[1.047s] creating path_planner.egg-info
[1.047s] writing path_planner.egg-info/PKG-INFO
[1.048s] writing dependency_links to path_planner.egg-info/dependency_links.txt
[1.048s] writing entry points to path_planner.egg-info/entry_points.txt
[1.048s] writing requirements to path_planner.egg-info/requires.txt
[1.048s] writing top-level names to path_planner.egg-info/top_level.txt
[1.048s] writing manifest file 'path_planner.egg-info/SOURCES.txt'
[1.050s] reading manifest file 'path_planner.egg-info/SOURCES.txt'
[1.051s] writing manifest file 'path_planner.egg-info/SOURCES.txt'
[1.053s] running build_ext
[1.053s] Creating /home/puja/Desktop/path_planner/install/path_planner/lib/python3.10/site-packages/path-planner.egg-link (link to .)
[1.054s] Installing astar_node script to /home/puja/Desktop/path_planner/install/path_planner/lib/path_planner
[1.054s] Installing dijkstra_node script to /home/puja/Desktop/path_planner/install/path_planner/lib/path_planner
[1.054s] Installing grover_node script to /home/puja/Desktop/path_planner/install/path_planner/lib/path_planner
[1.054s] Installing occupancy_grid_node script to /home/puja/Desktop/path_planner/install/path_planner/lib/path_planner
[1.055s] Installing path_follower_node script to /home/puja/Desktop/path_planner/install/path_planner/lib/path_planner
[1.055s] Installing prm_node script to /home/puja/Desktop/path_planner/install/path_planner/lib/path_planner
[1.055s] Installing qpe_node script to /home/puja/Desktop/path_planner/install/path_planner/lib/path_planner
[1.055s] Installing rrt_node script to /home/puja/Desktop/path_planner/install/path_planner/lib/path_planner
[1.055s] 
[1.055s] Installed /home/puja/Desktop/path_planner/build/path_planner
[1.055s] running symlink_data
[1.056s] creating /home/puja/Desktop/path_planner/install/path_planner/share/ament_index
[1.056s] creating /home/puja/Desktop/path_planner/install/path_planner/share/ament_index/resource_index
[1.056s] creating /home/puja/Desktop/path_planner/install/path_planner/share/ament_index/resource_index/packages
[1.056s] symbolically linking /home/puja/Desktop/path_planner/build/path_planner/resource/path_planner -> /home/puja/Desktop/path_planner/install/path_planner/share/ament_index/resource_index/packages
[1.056s] symbolically linking /home/puja/Desktop/path_planner/build/path_planner/package.xml -> /home/puja/Desktop/path_planner/install/path_planner/share/path_planner
[1.081s] Invoked command in '/home/puja/Desktop/path_planner/build/path_planner' returned '0': CONDA_PROMPT_MODIFIER=(opencv-cuda) PYTHONPATH=/home/puja/Desktop/path_planner/build/path_planner/prefix_override:/home/puja/Desktop/path_planner/install/path_planner/lib/python3.10/site-packages:${PYTHONPATH} /usr/bin/python3 -W ignore:setup.py install is deprecated setup.py develop --editable --build-directory /home/puja/Desktop/path_planner/build/path_planner/build --no-deps symlink_data
